<?xml version="1.0" encoding="UTF-8"?>
<!-- Generated by org.testng.reporters.JUnitXMLReporter -->
<testsuite ignored="0" hostname="DESKTOP-F8CB3FJ" failures="1" tests="14" name="Tutorialsninja Tests" time="135.617" errors="0" timestamp="2024-04-06T13:03:48 IST">
  <testcase classname="com.tutorialsninj.qa.testcases.RegisterTest" name="verfyRegisteringAnAccountWithMandatoryFields" time="3.162"/>
  <testcase classname="com.tutorialsninj.qa.testcases.RegisterTest" name="verfyRegisteringAnAccountWithMandatoryFieldsWithSubscribe" time="2.335"/>
  <testcase classname="com.tutorialsninj.qa.testcases.RegisterTest" name="verfyRegisteringAnAccountWithExistingEmailAddress" time="1.688"/>
  <testcase classname="com.tutorialsninj.qa.testcases.RegisterTest" name="verfyRegisteringAnAccountWithOutMandatoryFields" time="1.017"/>
  <testcase classname="com.tutorialsninj.qa.testcases.LoginTest" name="verifyLoginWithValidCredentials" time="1.327"/>
  <testcase classname="com.tutorialsninj.qa.testcases.LoginTest" name="verifyLoginWithValidCredentials" time="1.234"/>
  <testcase classname="com.tutorialsninj.qa.testcases.LoginTest" name="verifyLoginWithValidCredentials" time="1.314"/>
  <testcase classname="com.tutorialsninj.qa.testcases.LoginTest" name="verfiyLoginWithInValidCredentials" time="1.198"/>
  <testcase classname="com.tutorialsninj.qa.testcases.LoginTest" name="verfiyLoginWithInValidUsernameandValidPassword" time="1.312"/>
  <testcase classname="com.tutorialsninj.qa.testcases.LoginTest" name="verfiyLoginWithValidUsernameandInValidPassword" time="1.229"/>
  <testcase classname="com.tutorialsninj.qa.testcases.LoginTest" name="verfiyLoginWithoutCredentials" time="0.826"/>
  <testcase classname="com.tutorialsninj.qa.testcases.SearchTest" name="SearchWithValidProduct" time="1.397"/>
  <testcase classname="com.tutorialsninj.qa.testcases.SearchTest" name="SearchWithInValidProduct" time="0.893">
    <failure type="java.lang.AssertionError" message="No product search message  not display expected [abcd] but found [There is no product that matches the search criteria.]">
      <![CDATA[java.lang.AssertionError: No product search message  not display expected [abcd] but found [There is no product that matches the search criteria.]
at com.tutorialsninj.qa.testcases.SearchTest.SearchWithInValidProduct(SearchTest.java:65)
at java.base/java.util.ArrayList.forEach(ArrayList.java:1511)
... Removed 32 stack frames]]>
    </failure>
  </testcase> <!-- SearchWithInValidProduct -->
  <testcase classname="com.tutorialsninj.qa.testcases.SearchTest" name="SearchWithOutProduct" time="0.0">
    <skipped/>
  </testcase> <!-- SearchWithOutProduct -->
</testsuite> <!-- Tutorialsninja Tests -->
